<?xml version="1.0" encoding="UTF-8"?>
<testng-results ignored="0" total="1" passed="1" failed="0" skipped="0">
  <reporter-output>
  </reporter-output>
  <suite started-at="2023-08-30T00:06:11 CLT" name="Sample Test Suite" finished-at="2023-08-30T00:06:17 CLT" duration-ms="5348">
    <groups>
    </groups>
    <test started-at="2023-08-30T00:06:11 CLT" name="[Nombre Proyecto]" finished-at="2023-08-30T00:06:17 CLT" duration-ms="5348">
      <class name="test.java.main.GoogleTests">
        <test-method is-config="true" signature="beforeTestMethod(java.lang.String)[pri:0, instance:test.java.main.GoogleTests@6a8658ff]" started-at="2023-08-30T00:06:11 CLT" name="beforeTestMethod" description="Se configura el controlador y el navegador" finished-at="2023-08-30T00:06:14 CLT" duration-ms="2430" status="PASS">
          <params>
            <param index="0">
              <value>
                <![CDATA[chrome]]>
              </value>
            </param>
          </params>
          <reporter-output>
          </reporter-output>
        </test-method> <!-- beforeTestMethod -->
        <test-method is-config="true" signature="beforeMethod(java.lang.reflect.Method,org.testng.ITestResult)[pri:0, instance:test.java.main.GoogleTests@6a8658ff]" started-at="2023-08-30T00:06:14 CLT" name="beforeMethod" description="Se configura el reporte de pruebas" finished-at="2023-08-30T00:06:14 CLT" duration-ms="197" status="PASS">
          <params>
            <param index="0">
              <value>
                <![CDATA[public void test.java.main.GoogleTests.obtenerSegundoResultado()]]>
              </value>
            </param>
            <param index="1">
              <value>
                <![CDATA[[TestResult name={null} status=CREATED method=GoogleTests.obtenerSegundoResultado()[pri:1, instance:test.java.main.GoogleTests@6a8658ff] output={null}]]]>
              </value>
            </param>
          </params>
          <reporter-output>
          </reporter-output>
        </test-method> <!-- beforeMethod -->
        <test-method signature="obtenerSegundoResultado()[pri:1, instance:test.java.main.GoogleTests@6a8658ff]" started-at="2023-08-30T00:06:14 CLT" name="obtenerSegundoResultado" finished-at="2023-08-30T00:06:14 CLT" duration-ms="345" status="PASS">
          <reporter-output>
          </reporter-output>
        </test-method> <!-- obtenerSegundoResultado -->
        <test-method is-config="true" signature="afterMethod(org.testng.ITestResult)[pri:0, instance:test.java.main.GoogleTests@6a8658ff]" started-at="2023-08-30T00:06:16 CLT" name="afterMethod" finished-at="2023-08-30T00:06:16 CLT" duration-ms="780" status="PASS">
          <params>
            <param index="0">
              <value>
                <![CDATA[[TestResult name=obtenerSegundoResultado status=SUCCESS method=GoogleTests.obtenerSegundoResultado()[pri:1, instance:test.java.main.GoogleTests@6a8658ff] output={null}]]]>
              </value>
            </param>
          </params>
          <reporter-output>
          </reporter-output>
        </test-method> <!-- afterMethod -->
        <test-method is-config="true" signature="afterTest()[pri:0, instance:test.java.main.GoogleTests@6a8658ff]" started-at="2023-08-30T00:06:16 CLT" name="afterTest" finished-at="2023-08-30T00:06:17 CLT" duration-ms="240" status="PASS">
          <reporter-output>
          </reporter-output>
        </test-method> <!-- afterTest -->
      </class> <!-- test.java.main.GoogleTests -->
    </test> <!-- [Nombre Proyecto] -->
  </suite> <!-- Sample Test Suite -->
</testng-results>
